2021-06-13 19:12:47 DEBUG Main:15 - Program started.
2021-06-13 19:35:46 DEBUG Main:15 - Program started.
2021-06-13 21:33:04 DEBUG Main:15 - Program started.
2021-06-13 21:33:13 DEBUG LoginService:30 - Login succesfull.
2021-06-13 21:33:13 DEBUG LoginController:67 - Autentification passed. Logging in.
2021-06-13 21:33:13 DEBUG LoginController:104 - Error - Failed to open application.
2021-06-13 21:33:13 DEBUG LoginController:105 - 
/E:/breast_cancer/out/production/breast_cancer/Screens/MainWindow.fxml

2021-06-13 21:37:06 DEBUG Main:15 - Program started.
2021-06-13 21:37:11 DEBUG LoginService:30 - Login succesfull.
2021-06-13 21:37:11 DEBUG LoginController:67 - Autentification passed. Logging in.
2021-06-13 21:38:11 DEBUG Main:15 - Program started.
2021-06-13 21:38:16 DEBUG LoginService:30 - Login succesfull.
2021-06-13 21:38:16 DEBUG LoginController:67 - Autentification passed. Logging in.
2021-06-13 21:43:12 DEBUG Main:15 - Program started.
2021-06-13 21:43:17 DEBUG LoginController:67 - Autentification passed. Logging in.
2021-06-13 21:45:14 DEBUG Main:15 - Program started.
2021-06-13 21:45:19 DEBUG LoginService:30 - Login succesfull.
2021-06-13 21:45:19 DEBUG LoginController:67 - Autentification passed. Logging in.
2021-06-14 09:51:51 DEBUG Main:15 - Program started.
2021-06-14 09:51:56 DEBUG LoginController:67 - Autentification passed. Logging in.
2021-06-14 09:55:44 DEBUG Main:15 - Program started.
2021-06-14 09:56:34 DEBUG LoginService:30 - Login succesfull.
2021-06-14 09:56:34 DEBUG LoginController:67 - Autentification passed. Logging in.
2021-06-14 10:01:40 DEBUG Main:15 - Program started.
2021-06-14 10:01:46 DEBUG LoginController:67 - Autentification passed. Logging in.
2021-06-14 13:59:42 DEBUG Main:15 - Program started.
2021-06-14 13:59:53 DEBUG LoginService:30 - Login succesfull.
2021-06-14 13:59:53 DEBUG LoginController:67 - Autentification passed. Logging in.
2021-06-14 14:00:15 DEBUG PatientRepository:266 - 
2021-06-14 14:00:15 DEBUG MainService:117 - Error - Patient: 0 not updated.
2021-06-14 14:04:27 DEBUG Main:15 - Program started.
2021-06-14 14:04:32 DEBUG LoginService:30 - Login succesfull.
2021-06-14 14:04:32 DEBUG LoginController:67 - Autentification passed. Logging in.
2021-06-14 14:05:21 DEBUG MainService:117 - Error - Patient: 0 not updated.
2021-06-14 14:05:45 DEBUG Main:15 - Program started.
2021-06-14 14:06:01 DEBUG LoginService:30 - Login succesfull.
2021-06-14 14:06:01 DEBUG LoginController:67 - Autentification passed. Logging in.
2021-06-14 14:07:00 DEBUG PatientRepository:263 - Error updating patient with id: 0
2021-06-14 14:07:00 DEBUG PatientRepository:264 - ERROR: syntax error at or near "="
  Position: 39
2021-06-14 14:07:00 DEBUG MainService:117 - Error - Patient: 0 not updated.
2021-06-14 14:09:17 DEBUG Main:15 - Program started.
2021-06-14 14:09:27 DEBUG LoginService:30 - Login succesfull.
2021-06-14 14:09:27 DEBUG LoginController:67 - Autentification passed. Logging in.
2021-06-14 14:10:04 DEBUG MainService:117 - Error - Patient: 0 not updated.
2021-06-14 14:15:29 DEBUG Main:15 - Program started.
2021-06-14 14:15:45 DEBUG LoginService:30 - Login succesfull.
2021-06-14 14:15:45 DEBUG LoginController:67 - Autentification passed. Logging in.
2021-06-14 14:16:06 DEBUG MainService:115 - Patient: 4 succesfully updated.
2021-06-14 14:17:45 DEBUG Main:15 - Program started.
2021-06-14 14:18:36 DEBUG LoginService:30 - Login succesfull.
2021-06-14 14:18:36 DEBUG LoginController:67 - Autentification passed. Logging in.
2021-06-14 14:19:02 DEBUG MainService:115 - Patient: 4 succesfully updated.
2021-06-14 14:24:05 DEBUG Main:15 - Program started.
2021-06-14 14:24:12 DEBUG LoginService:30 - Login succesfull.
2021-06-14 14:24:12 DEBUG LoginController:67 - Autentification passed. Logging in.
2021-06-14 16:23:32 DEBUG Main:15 - Program started.
2021-06-14 16:23:37 DEBUG LoginService:30 - Login succesfull.
2021-06-14 16:23:37 DEBUG LoginController:67 - Autentification passed. Logging in.
2021-06-14 16:23:52 DEBUG PatientRepository:183 - No enum constant Core.Entity.Enum.TumorType.B
2021-06-14 16:28:28 DEBUG Main:15 - Program started.
2021-06-14 16:28:33 DEBUG LoginService:30 - Login succesfull.
2021-06-14 16:28:33 DEBUG LoginController:67 - Autentification passed. Logging in.
2021-06-14 16:28:58 DEBUG PatientRepository:183 - No enum constant Core.Entity.Enum.TumorType.B
2021-06-14 16:30:43 DEBUG Main:15 - Program started.
2021-06-14 16:30:47 DEBUG LoginService:30 - Login succesfull.
2021-06-14 16:30:47 DEBUG LoginController:67 - Autentification passed. Logging in.
2021-06-14 16:30:58 DEBUG PatientRepository:183 - No enum constant Core.Entity.Enum.TumorType.B
2021-06-14 16:33:40 DEBUG PatientRepository:183 - No enum constant Core.Entity.Enum.TumorType.M
2021-06-14 16:34:44 DEBUG Main:15 - Program started.
2021-06-14 16:34:50 DEBUG LoginService:30 - Login succesfull.
2021-06-14 16:34:50 DEBUG LoginController:67 - Autentification passed. Logging in.
2021-06-14 16:34:58 DEBUG PatientRepository:184 - No enum constant Core.Entity.Enum.TumorType.B
2021-06-14 16:36:21 DEBUG Main:15 - Program started.
2021-06-14 16:36:26 DEBUG LoginController:67 - Autentification passed. Logging in.
2021-06-14 16:36:32 DEBUG PatientRepository:184 - No enum constant Core.Entity.Enum.TumorType.B
2021-06-14 16:38:38 DEBUG Main:15 - Program started.
2021-06-14 16:38:43 DEBUG LoginService:30 - Login succesfull.
2021-06-14 16:38:43 DEBUG LoginController:67 - Autentification passed. Logging in.
2021-06-14 16:44:56 DEBUG Main:15 - Program started.
2021-06-14 16:45:04 DEBUG LoginService:30 - Login succesfull.
2021-06-14 16:45:04 DEBUG LoginController:67 - Autentification passed. Logging in.
2021-06-14 16:48:01 DEBUG Main:15 - Program started.
2021-06-14 16:48:06 DEBUG LoginService:30 - Login succesfull.
2021-06-14 16:48:06 DEBUG LoginController:67 - Autentification passed. Logging in.
2021-06-14 17:24:01 DEBUG Main:15 - Program started.
2021-06-14 17:24:06 DEBUG LoginService:30 - Login succesfull.
2021-06-14 17:24:06 DEBUG LoginController:67 - Autentification passed. Logging in.
2021-06-14 17:25:01 DEBUG Main:15 - Program started.
2021-06-14 17:25:06 DEBUG LoginService:30 - Login succesfull.
2021-06-14 17:25:06 DEBUG LoginController:67 - Autentification passed. Logging in.
2021-06-14 17:25:16 DEBUG MainService:105 - Error - Patient not added.
2021-06-14 17:25:25 DEBUG MainService:103 - Patient succesfully added.
2021-06-14 17:27:39 DEBUG Main:15 - Program started.
2021-06-14 17:27:59 DEBUG LoginService:30 - Login succesfull.
2021-06-14 17:27:59 DEBUG LoginController:67 - Autentification passed. Logging in.
2021-06-14 17:34:10 DEBUG Main:15 - Program started.
2021-06-14 17:34:15 DEBUG LoginService:30 - Login succesfull.
2021-06-14 17:34:15 DEBUG LoginController:67 - Autentification passed. Logging in.
2021-06-14 17:38:02 DEBUG Main:15 - Program started.
2021-06-14 17:38:08 DEBUG LoginService:30 - Login succesfull.
2021-06-14 17:38:08 DEBUG LoginController:67 - Autentification passed. Logging in.
2021-06-14 17:39:43 DEBUG Main:15 - Program started.
2021-06-14 17:39:48 DEBUG LoginService:30 - Login succesfull.
2021-06-14 17:39:48 DEBUG LoginController:67 - Autentification passed. Logging in.
2021-06-14 17:40:04 DEBUG MainService:103 - Patient succesfully added.
2021-06-14 17:44:40 DEBUG Main:15 - Program started.
2021-06-14 17:59:10 DEBUG Main:15 - Program started.
2021-06-14 17:59:16 DEBUG LoginService:30 - Login succesfull.
2021-06-14 17:59:16 DEBUG LoginController:67 - Autentification passed. Logging in.
2021-06-14 17:59:38 DEBUG PatientRepository:178 - Error while getting patient.
2021-06-14 17:59:38 DEBUG PatientRepository:179 - The column name patient_id was not found in this ResultSet.
2021-06-14 18:00:25 DEBUG Main:15 - Program started.
2021-06-14 18:00:31 DEBUG LoginService:30 - Login succesfull.
2021-06-14 18:00:31 DEBUG LoginController:67 - Autentification passed. Logging in.
2021-06-14 18:01:11 DEBUG MainService:103 - Patient succesfully added.
2021-06-14 21:09:08 DEBUG Main:15 - Program started.
2021-06-14 21:19:15 DEBUG Main:15 - Program started.
2021-06-14 21:19:24 DEBUG LoginController:67 - Autentification passed. Logging in.
2021-06-14 21:24:35 DEBUG Main:15 - Program started.
2021-06-14 21:24:40 DEBUG LoginService:30 - Login succesfull.
2021-06-14 21:24:40 DEBUG LoginController:66 - Autentification passed. Logging in.
2021-06-14 21:40:57 DEBUG Main:15 - Program started.
2021-06-14 21:41:10 DEBUG LoginController:66 - Autentification passed. Logging in.
2021-06-14 21:46:13 DEBUG Main:15 - Program started.
2021-06-14 21:50:52 DEBUG Main:15 - Program started.
2021-06-14 21:50:56 DEBUG LoginController:66 - Autentification passed. Logging in.
2021-06-15 09:30:27 DEBUG Main:15 - Program started.
2021-06-15 09:30:36 DEBUG LoginService:30 - Login succesfull.
2021-06-15 09:30:36 DEBUG LoginController:66 - Autentification passed. Logging in.
2021-10-26 21:52:09 DEBUG Main:15 - Program started.
2021-10-26 21:52:20 DEBUG LoginController:66 - Autentification passed. Logging in.
2021-10-27 08:42:31 DEBUG Main:15 - Program started.
2021-10-27 08:42:40 DEBUG LoginController:66 - Autentification passed. Logging in.
2021-11-10 16:57:30 DEBUG Main:15 - Program started.
2021-11-10 16:57:42 DEBUG LoginController:66 - Autentification passed. Logging in.
2021-11-10 17:25:50 DEBUG Main:15 - Program started.
2021-11-10 17:26:11 DEBUG LoginController:66 - Autentification passed. Logging in.
2021-11-26 15:53:48 DEBUG Main:15 - Program started.
2021-11-26 15:53:57 DEBUG LoginController:66 - Autentification passed. Logging in.
2021-11-26 15:58:50 DEBUG Main:15 - Program started.
2021-11-26 15:59:00 DEBUG LoginController:66 - Autentification passed. Logging in.
2021-11-26 16:17:54 DEBUG Main:15 - Program started.
2021-11-26 16:18:02 DEBUG LoginController:66 - Autentification passed. Logging in.
2021-11-26 16:21:26 DEBUG MainService:105 - Error - Patient not added.
2021-11-26 16:23:18 DEBUG Main:15 - Program started.
2021-11-26 16:23:23 DEBUG LoginController:66 - Autentification passed. Logging in.
2021-11-26 16:24:01 DEBUG MainService:103 - Patient succesfully added.
2021-11-26 16:24:10 DEBUG LoginService:54 - Nepodarilo sa ulozit model.
2021-11-26 16:24:50 DEBUG Main:15 - Program started.
2021-11-26 16:31:10 DEBUG Main:15 - Program started.
2021-11-26 16:31:15 DEBUG LoginController:66 - Autentification passed. Logging in.
2021-11-26 16:34:35 DEBUG Main:15 - Program started.
2021-11-26 16:34:41 DEBUG LoginController:66 - Autentification passed. Logging in.
2021-11-26 16:38:37 DEBUG Main:15 - Program started.
2021-11-26 16:38:42 DEBUG LoginController:66 - Autentification passed. Logging in.
2021-11-26 16:40:34 DEBUG Main:15 - Program started.
2021-11-26 16:41:05 DEBUG LoginController:66 - Autentification passed. Logging in.
2021-11-26 16:43:36 DEBUG Main:15 - Program started.
2021-11-26 16:43:42 DEBUG LoginController:66 - Autentification passed. Logging in.
2021-11-26 16:44:40 DEBUG LoginService:23 - Nepodarilo sa načítať dáta
2021-11-26 16:45:00 DEBUG Main:15 - Program started.
2021-11-26 16:45:05 DEBUG LoginController:66 - Autentification passed. Logging in.
2021-11-26 16:47:28 DEBUG LoginService:23 - Nepodarilo sa načítať dáta
2021-11-26 16:49:49 DEBUG Main:15 - Program started.
2021-11-26 16:49:56 DEBUG LoginController:66 - Autentification passed. Logging in.
2021-11-26 16:51:34 DEBUG Main:15 - Program started.
2021-11-26 16:51:42 DEBUG LoginController:66 - Autentification passed. Logging in.
2021-11-26 16:53:37 DEBUG Main:15 - Program started.
2021-11-26 16:53:42 DEBUG LoginController:66 - Autentification passed. Logging in.
2021-11-26 16:58:01 DEBUG Main:15 - Program started.
2021-11-26 16:58:07 DEBUG LoginController:66 - Autentification passed. Logging in.
2021-11-26 17:01:02 DEBUG Main:15 - Program started.
2021-11-26 17:01:07 DEBUG LoginController:66 - Autentification passed. Logging in.
2021-11-26 17:04:00 DEBUG Main:15 - Program started.
2021-11-26 17:05:11 DEBUG Main:15 - Program started.
2021-11-26 17:05:17 DEBUG LoginController:66 - Autentification passed. Logging in.
2021-11-26 17:05:26 DEBUG LoginService:54 - Nepodarilo sa ulozit model.
2021-11-26 17:05:42 DEBUG LoginService:54 - Nepodarilo sa ulozit model.
2021-11-26 17:05:54 DEBUG LoginService:54 - Nepodarilo sa ulozit model.
2021-11-26 17:12:05 DEBUG Main:15 - Program started.
2021-11-26 17:12:10 DEBUG LoginController:66 - Autentification passed. Logging in.
2021-11-26 17:16:34 DEBUG Main:15 - Program started.
2021-11-26 17:16:44 DEBUG LoginController:66 - Autentification passed. Logging in.
2021-11-26 17:21:35 DEBUG Main:15 - Program started.
2021-11-26 17:21:41 DEBUG Main:15 - Program started.
2021-11-26 17:21:48 DEBUG LoginController:66 - Autentification passed. Logging in.
2021-11-26 17:22:37 DEBUG Main:15 - Program started.
2021-11-26 17:22:53 DEBUG Main:15 - Program started.
2021-11-26 17:22:58 DEBUG LoginController:66 - Autentification passed. Logging in.
2021-11-26 17:33:19 DEBUG Main:15 - Program started.
2021-11-26 17:33:24 DEBUG LoginController:66 - Autentification passed. Logging in.
2021-11-26 17:34:18 DEBUG Main:15 - Program started.
2021-11-26 17:34:23 DEBUG LoginController:66 - Autentification passed. Logging in.
2021-11-26 17:37:01 DEBUG Main:15 - Program started.
2021-11-26 17:37:07 DEBUG LoginController:66 - Autentification passed. Logging in.
2021-11-28 17:07:34 DEBUG Main:15 - Program started.
2021-11-28 17:07:48 DEBUG LoginController:66 - Autentification passed. Logging in.
2021-11-28 17:15:07 DEBUG Main:15 - Program started.
2021-11-28 17:15:13 DEBUG LoginController:66 - Autentification passed. Logging in.
2021-11-28 17:16:18 DEBUG Main:15 - Program started.
2021-11-28 17:16:24 DEBUG LoginController:66 - Autentification passed. Logging in.
2021-11-28 17:20:38 DEBUG Main:15 - Program started.
2021-11-28 17:20:44 DEBUG LoginController:66 - Autentification passed. Logging in.
2021-11-28 17:21:00 DEBUG MainService:103 - Patient succesfully added.
2021-11-28 17:21:08 DEBUG LoginService:93 - Nepodarilo sa ulozit model.
2021-11-28 17:26:12 DEBUG Main:15 - Program started.
2021-11-28 17:26:24 DEBUG Main:15 - Program started.
2021-11-28 17:26:29 DEBUG LoginController:66 - Autentification passed. Logging in.
2021-11-28 17:26:49 DEBUG MainService:103 - Patient succesfully added.
2021-11-28 17:28:00 DEBUG Main:15 - Program started.
2021-11-28 17:28:14 DEBUG LoginController:66 - Autentification passed. Logging in.
2021-11-28 17:29:27 DEBUG Main:15 - Program started.
2021-11-28 17:29:31 DEBUG LoginController:66 - Autentification passed. Logging in.
2021-11-28 17:29:46 DEBUG MainService:103 - Patient succesfully added.
2021-11-28 19:49:35 DEBUG Main:15 - Program started.
2021-11-28 19:49:56 DEBUG Main:15 - Program started.
2021-11-28 19:50:03 DEBUG LoginController:66 - Autentification passed. Logging in.
2021-11-28 19:50:19 DEBUG MainService:103 - Patient succesfully added.
2021-11-28 19:52:07 DEBUG Main:15 - Program started.
2021-11-28 19:57:06 DEBUG Main:15 - Program started.
2021-11-28 19:57:11 DEBUG LoginController:66 - Autentification passed. Logging in.
2021-11-28 20:04:30 DEBUG MainService:103 - Patient succesfully added.
2021-11-28 20:07:57 DEBUG Main:15 - Program started.
2021-11-28 20:08:02 DEBUG LoginController:66 - Autentification passed. Logging in.
2021-11-28 20:09:41 DEBUG MainService:103 - Patient succesfully added.
2021-11-28 20:11:29 DEBUG Main:15 - Program started.
2021-11-28 20:11:35 DEBUG LoginController:66 - Autentification passed. Logging in.
2021-11-28 20:13:10 DEBUG MainService:103 - Patient succesfully added.
2021-11-28 20:16:45 DEBUG Main:15 - Program started.
2021-11-28 20:16:50 DEBUG LoginController:66 - Autentification passed. Logging in.
2021-11-28 20:17:18 DEBUG MainService:103 - Patient succesfully added.
2021-11-28 20:18:26 DEBUG Main:15 - Program started.
2021-11-28 20:18:31 DEBUG LoginController:66 - Autentification passed. Logging in.
2021-11-28 20:18:39 DEBUG MainService:103 - Patient succesfully added.
2021-11-28 20:23:40 DEBUG Main:15 - Program started.
2021-11-28 20:23:47 DEBUG LoginController:66 - Autentification passed. Logging in.
2021-11-28 20:23:54 DEBUG MainService:103 - Patient succesfully added.
2021-11-28 20:26:56 DEBUG Main:15 - Program started.
2021-11-28 20:27:02 DEBUG LoginController:66 - Autentification passed. Logging in.
2021-11-28 20:27:09 DEBUG MainService:103 - Patient succesfully added.
2021-11-28 20:28:13 DEBUG MainService:103 - Patient succesfully added.
2021-11-28 20:47:39 DEBUG Main:15 - Program started.
2021-11-28 20:47:43 DEBUG LoginController:66 - Autentification passed. Logging in.
2021-11-28 20:47:50 DEBUG MainService:103 - Patient succesfully added.
2021-11-28 20:48:23 DEBUG Main:15 - Program started.
2021-11-28 20:48:28 DEBUG LoginController:66 - Autentification passed. Logging in.
2021-11-28 20:48:34 DEBUG MainService:103 - Patient succesfully added.
2021-11-28 20:51:45 DEBUG Main:15 - Program started.
2021-11-28 20:51:50 DEBUG LoginController:66 - Autentification passed. Logging in.
2021-11-28 20:51:56 DEBUG MainService:103 - Patient succesfully added.
2021-11-28 20:54:17 DEBUG Main:15 - Program started.
2021-11-28 20:54:22 DEBUG LoginController:66 - Autentification passed. Logging in.
2021-11-28 20:54:57 DEBUG MainService:103 - Patient succesfully added.
2021-11-28 20:55:55 DEBUG Main:15 - Program started.
2021-11-28 20:56:01 DEBUG LoginController:66 - Autentification passed. Logging in.
2021-11-28 20:56:11 DEBUG MainService:103 - Patient succesfully added.
2021-11-28 20:58:45 DEBUG Main:15 - Program started.
2021-11-28 20:59:11 DEBUG Main:15 - Program started.
2021-11-28 20:59:34 DEBUG LoginController:66 - Autentification passed. Logging in.
2021-11-28 20:59:52 DEBUG MainService:103 - Patient succesfully added.
2021-11-28 21:00:29 DEBUG Main:15 - Program started.
2021-11-28 21:00:36 DEBUG LoginController:66 - Autentification passed. Logging in.
2021-11-28 21:00:46 DEBUG MainService:103 - Patient succesfully added.
2021-11-28 21:02:26 DEBUG Main:15 - Program started.
2021-11-28 21:02:43 DEBUG LoginController:66 - Autentification passed. Logging in.
2021-11-28 21:02:53 DEBUG MainService:103 - Patient succesfully added.
2021-11-28 21:04:11 DEBUG Main:15 - Program started.
2021-11-28 21:04:16 DEBUG LoginController:66 - Autentification passed. Logging in.
2021-11-28 21:04:24 DEBUG MainService:103 - Patient succesfully added.
2021-11-28 21:19:46 DEBUG Main:15 - Program started.
2021-11-28 21:19:55 DEBUG LoginController:66 - Autentification passed. Logging in.
2021-11-28 21:20:01 DEBUG MainService:103 - Patient succesfully added.
2021-12-02 20:26:46 DEBUG Main:15 - Program started.
2021-12-02 20:26:52 DEBUG LoginController:66 - Autentification passed. Logging in.
2021-12-02 20:35:10 DEBUG Main:15 - Program started.
2021-12-02 20:36:21 DEBUG LoginController:66 - Autentification passed. Logging in.
2021-12-03 14:21:15 DEBUG Main:15 - Program started.
2021-12-03 14:21:23 DEBUG LoginController:66 - Autentification passed. Logging in.
2021-12-03 14:21:58 DEBUG Main:15 - Program started.
2021-12-03 14:22:06 DEBUG LoginController:66 - Autentification passed. Logging in.
2021-12-03 14:23:10 DEBUG Main:15 - Program started.
2021-12-03 14:23:15 DEBUG LoginController:66 - Autentification passed. Logging in.
2021-12-03 14:34:49 DEBUG Main:15 - Program started.
2021-12-03 14:34:57 DEBUG LoginController:66 - Autentification passed. Logging in.
2021-12-03 14:37:32 DEBUG Main:15 - Program started.
2021-12-03 14:37:42 DEBUG LoginController:66 - Autentification passed. Logging in.
2021-12-03 14:40:57 DEBUG Main:15 - Program started.
2021-12-03 14:41:06 DEBUG LoginController:66 - Autentification passed. Logging in.
2021-12-03 14:43:05 DEBUG Main:15 - Program started.
2021-12-03 14:43:10 DEBUG LoginController:66 - Autentification passed. Logging in.
2021-12-03 14:49:23 DEBUG Main:15 - Program started.
2021-12-03 14:49:29 DEBUG LoginController:66 - Autentification passed. Logging in.
2021-12-03 14:55:23 DEBUG Main:15 - Program started.
2021-12-03 14:55:28 DEBUG LoginController:66 - Autentification passed. Logging in.
2021-12-03 14:55:40 DEBUG Main:15 - Program started.
2021-12-03 14:55:46 DEBUG LoginController:66 - Autentification passed. Logging in.
2021-12-03 15:15:36 DEBUG Main:15 - Program started.
2021-12-03 15:15:44 DEBUG LoginController:66 - Autentification passed. Logging in.
2021-12-03 15:17:13 DEBUG Main:15 - Program started.
2021-12-03 15:17:19 DEBUG LoginController:66 - Autentification passed. Logging in.
2021-12-03 15:18:04 DEBUG Main:15 - Program started.
2021-12-03 15:18:13 DEBUG LoginController:66 - Autentification passed. Logging in.
2021-12-03 15:56:39 DEBUG Main:15 - Program started.
2021-12-04 17:15:54 DEBUG Main:15 - Program started.
2021-12-04 17:16:00 DEBUG LoginController:66 - Autentification passed. Logging in.
2021-12-08 17:03:05 DEBUG Main:15 - Program started.
2021-12-08 17:03:11 DEBUG LoginController:66 - Autentification passed. Logging in.
2021-12-08 17:03:56 DEBUG MainService:103 - Patient succesfully added.
2022-01-02 13:18:56 DEBUG Main:15 - Program started.
2022-01-02 13:19:07 DEBUG LoginController:66 - Autentification passed. Logging in.
2022-01-16 19:35:52 DEBUG Main:15 - Program started.
2022-01-16 19:35:58 DEBUG LoginController:66 - Autentification passed. Logging in.
2022-01-20 15:43:30 DEBUG Main:15 - Program started.
2022-01-20 15:43:41 DEBUG Main:15 - Program started.
2022-01-20 15:43:51 DEBUG LoginController:66 - Autentification passed. Logging in.
2022-01-20 15:45:14 DEBUG Main:15 - Program started.
2022-01-20 15:45:33 DEBUG Main:15 - Program started.
2022-01-20 15:45:56 DEBUG Main:15 - Program started.
2022-01-20 15:46:03 DEBUG LoginController:66 - Autentification passed. Logging in.
2022-01-20 15:58:38 DEBUG Main:15 - Program started.
2022-01-20 15:58:43 DEBUG LoginController:66 - Autentification passed. Logging in.
2022-01-20 16:02:26 DEBUG Main:15 - Program started.
2022-01-20 16:02:40 DEBUG LoginController:66 - Autentification passed. Logging in.
2022-01-20 16:04:41 DEBUG Main:15 - Program started.
2022-01-20 16:04:46 DEBUG LoginController:66 - Autentification passed. Logging in.
2022-01-23 11:05:06 DEBUG Main:15 - Program started.
2022-01-23 11:05:12 DEBUG LoginController:66 - Autentification passed. Logging in.
2022-01-23 11:06:14 DEBUG Main:15 - Program started.
2022-01-23 11:06:20 DEBUG LoginController:66 - Autentification passed. Logging in.
2022-01-23 11:26:28 DEBUG Main:15 - Program started.
2022-01-23 11:26:34 DEBUG LoginController:66 - Autentification passed. Logging in.
2022-01-23 11:47:46 DEBUG Main:15 - Program started.
2022-01-23 11:47:51 DEBUG LoginController:66 - Autentification passed. Logging in.
2022-01-23 11:49:49 DEBUG Main:15 - Program started.
2022-01-23 11:49:54 DEBUG LoginController:66 - Autentification passed. Logging in.
2022-02-03 19:37:42 DEBUG Main:15 - Program started.
2022-02-03 19:38:58 DEBUG Main:15 - Program started.
2022-02-03 19:39:04 DEBUG LoginController:66 - Authentication passed. Logging in.
2022-02-04 17:59:02 DEBUG Main:15 - Program started.
2022-02-04 17:59:08 DEBUG LoginController:66 - Authentication passed. Logging in.
2022-02-04 18:01:11 DEBUG Main:15 - Program started.
2022-02-04 18:01:22 DEBUG Main:15 - Program started.
2022-02-04 18:01:28 DEBUG LoginController:66 - Authentication passed. Logging in.
2022-02-04 18:07:46 DEBUG Main:15 - Program started.
2022-02-04 18:07:55 DEBUG LoginController:66 - Authentication passed. Logging in.
2022-02-04 18:09:49 DEBUG Main:15 - Program started.
2022-02-04 18:09:54 DEBUG LoginController:66 - Authentication passed. Logging in.
2022-02-04 18:11:37 DEBUG Main:15 - Program started.
2022-02-04 18:11:45 DEBUG LoginController:66 - Authentication passed. Logging in.
2022-02-04 18:18:31 DEBUG Main:15 - Program started.
2022-02-04 18:18:38 DEBUG LoginController:66 - Authentication passed. Logging in.
2022-02-04 18:19:50 DEBUG Main:15 - Program started.
2022-02-04 18:19:56 DEBUG LoginController:66 - Authentication passed. Logging in.
2022-02-04 18:21:24 DEBUG Main:15 - Program started.
2022-02-04 18:22:07 DEBUG Main:15 - Program started.
2022-02-04 18:22:13 DEBUG LoginController:66 - Authentication passed. Logging in.
2022-02-04 18:24:44 DEBUG Main:15 - Program started.
2022-02-04 18:24:49 DEBUG LoginController:66 - Authentication passed. Logging in.
2022-02-04 18:27:51 DEBUG Main:15 - Program started.
2022-02-04 18:27:59 DEBUG LoginService:30 - Login succesfull.
2022-02-04 18:27:59 DEBUG LoginController:66 - Authentication passed. Logging in.
2022-02-04 18:28:19 DEBUG Main:15 - Program started.
2022-02-04 18:28:24 DEBUG LoginController:66 - Authentication passed. Logging in.
2022-02-04 18:30:41 DEBUG Main:15 - Program started.
2022-02-04 18:30:47 DEBUG LoginController:66 - Authentication passed. Logging in.
2022-02-04 18:38:01 DEBUG Main:15 - Program started.
2022-02-04 18:38:11 DEBUG LoginController:66 - Authentication passed. Logging in.
2022-02-04 19:47:10 DEBUG Main:15 - Program started.
2022-02-04 19:47:16 DEBUG LoginController:66 - Authentication passed. Logging in.
2022-02-04 19:49:14 DEBUG Main:15 - Program started.
2022-02-05 13:53:55 DEBUG Main:15 - Program started.
2022-02-05 13:54:02 DEBUG LoginService:30 - Login succesfull.
2022-02-05 13:54:02 DEBUG LoginController:66 - Authentication passed. Logging in.
2022-02-05 13:54:02 DEBUG PatientRepository:154 - Start - GetPatientColumns - PATIENT
2022-02-05 13:54:02 DEBUG PatientRepository:183 - END - GetPatientColumns - PATIENT
2022-02-05 13:56:15 DEBUG Main:15 - Program started.
2022-02-05 13:56:23 DEBUG LoginService:30 - Login succesfull.
2022-02-05 13:56:23 DEBUG LoginController:66 - Authentication passed. Logging in.
2022-02-05 13:56:23 DEBUG PatientRepository:154 - Start - GetPatientColumns - PATIENT
2022-02-05 13:56:23 DEBUG PatientRepository:183 - END - GetPatientColumns - PATIENT
2022-02-05 13:58:51 DEBUG Main:15 - Program started.
2022-02-05 13:58:57 DEBUG LoginService:30 - Login succesfull.
2022-02-05 13:58:57 DEBUG LoginController:66 - Authentication passed. Logging in.
2022-02-05 13:58:57 DEBUG PatientRepository:154 - Start - GetPatientColumns - PATIENT
2022-02-05 13:58:57 DEBUG PatientRepository:183 - END - GetPatientColumns - PATIENT
2022-02-05 13:59:46 DEBUG Main:15 - Program started.
2022-02-05 13:59:51 DEBUG LoginService:30 - Login succesfull.
2022-02-05 13:59:51 DEBUG LoginController:66 - Authentication passed. Logging in.
2022-02-05 13:59:51 DEBUG PatientRepository:154 - Start - GetPatientColumns - PATIENT
2022-02-05 13:59:52 DEBUG PatientRepository:183 - END - GetPatientColumns - PATIENT
2022-02-05 14:00:21 DEBUG MainService:110 - GetPatientById - Id1
2022-02-05 14:00:21 DEBUG PatientRepository:250 - Error while getting patient.
2022-02-05 14:00:21 DEBUG PatientRepository:251 - The column name symmetry_seq was not found in this ResultSet.
2022-02-05 14:02:02 DEBUG MainService:110 - GetPatientById - Id1
2022-02-05 14:02:17 DEBUG PatientRepository:250 - Error while getting patient.
2022-02-05 14:02:17 DEBUG PatientRepository:251 - The column name symmetry_seq was not found in this ResultSet.
2022-02-05 14:02:33 DEBUG Main:15 - Program started.
2022-02-05 14:02:38 DEBUG LoginService:30 - Login succesfull.
2022-02-05 14:02:38 DEBUG LoginController:66 - Authentication passed. Logging in.
2022-02-05 14:02:38 DEBUG PatientRepository:154 - Start - GetPatientColumns - PATIENT
2022-02-05 14:02:38 DEBUG PatientRepository:183 - END - GetPatientColumns - PATIENT
2022-02-05 14:02:46 DEBUG MainService:110 - GetPatientById - Id1
2022-02-05 14:04:17 DEBUG Main:15 - Program started.
2022-02-05 14:04:29 DEBUG Main:15 - Program started.
2022-02-05 14:04:34 DEBUG LoginService:30 - Login succesfull.
2022-02-05 14:04:34 DEBUG LoginController:66 - Authentication passed. Logging in.
2022-02-05 14:04:34 DEBUG PatientRepository:154 - Start - GetPatientColumns - PATIENT
2022-02-05 14:04:34 DEBUG PatientRepository:183 - END - GetPatientColumns - PATIENT
2022-02-05 14:04:41 DEBUG MainService:110 - GetPatientById - Id1
2022-02-05 14:12:21 DEBUG Main:15 - Program started.
2022-02-05 14:12:26 DEBUG LoginService:30 - Login succesfull.
2022-02-05 14:12:26 DEBUG LoginController:66 - Authentication passed. Logging in.
2022-02-05 14:12:27 DEBUG PatientRepository:154 - Start - GetPatientColumns - PATIENT
2022-02-05 14:12:27 DEBUG PatientRepository:186 - END - GetPatientColumns - PATIENT
2022-02-05 14:13:11 DEBUG Main:15 - Program started.
2022-02-05 14:13:16 DEBUG LoginService:30 - Login succesfull.
2022-02-05 14:13:16 DEBUG LoginController:66 - Authentication passed. Logging in.
2022-02-05 14:13:17 DEBUG PatientRepository:154 - Start - GetPatientColumns - PATIENT
2022-02-05 14:13:17 DEBUG PatientRepository:186 - END - GetPatientColumns - PATIENT
2022-02-05 14:13:29 DEBUG Main:15 - Program started.
2022-02-05 14:13:43 DEBUG Main:15 - Program started.
2022-02-05 14:13:49 DEBUG LoginController:66 - Authentication passed. Logging in.
2022-02-05 14:13:49 DEBUG PatientRepository:154 - Start - GetPatientColumns - PATIENT_RECORD
2022-02-05 14:13:49 DEBUG PatientRepository:186 - END - GetPatientColumns - PATIENT_RECORD
2022-02-05 22:29:53 DEBUG Main:15 - Program started.
2022-02-05 22:30:50 DEBUG LoginController:66 - Authentication passed. Logging in.
2022-02-05 22:30:51 DEBUG PatientRepository:154 - Start - GetPatientColumns - PATIENT_RECORD
2022-02-05 22:30:51 DEBUG PatientRepository:186 - END - GetPatientColumns - PATIENT_RECORD
2022-02-05 22:33:55 DEBUG Main:15 - Program started.
2022-02-05 22:34:00 DEBUG LoginController:66 - Authentication passed. Logging in.
2022-02-05 22:34:01 DEBUG PatientRepository:154 - Start - GetPatientColumns - PATIENT_RECORD
2022-02-05 22:34:01 DEBUG PatientRepository:186 - END - GetPatientColumns - PATIENT_RECORD
2022-02-05 22:34:13 DEBUG Main:15 - Program started.
2022-02-05 22:34:25 DEBUG LoginService:30 - Login succesfull.
2022-02-05 22:34:25 DEBUG LoginController:66 - Authentication passed. Logging in.
2022-02-05 22:34:26 DEBUG PatientRepository:154 - Start - GetPatientColumns - PATIENT
2022-02-05 22:34:26 DEBUG PatientRepository:186 - END - GetPatientColumns - PATIENT
2022-02-05 22:35:35 DEBUG PatientRepository:154 - Start - GetPatientColumns - PATIENT
2022-02-05 22:35:35 DEBUG PatientRepository:186 - END - GetPatientColumns - PATIENT
2022-02-05 22:35:39 DEBUG MainService:110 - GetPatientById - Id = 2
2022-02-05 22:35:50 DEBUG MainService:116 - Patient: 2 succesfully updated.
2022-02-05 22:35:50 DEBUG PatientRepository:154 - Start - GetPatientColumns - PATIENT
2022-02-05 22:35:50 DEBUG PatientRepository:186 - END - GetPatientColumns - PATIENT
2022-02-05 23:24:57 DEBUG Main:15 - Program started.
2022-02-05 23:25:04 DEBUG LoginController:66 - Authentication passed. Logging in.
2022-02-05 23:25:04 DEBUG PatientRepository:154 - Start - GetPatientColumns - PATIENT_RECORD
2022-02-05 23:25:04 DEBUG PatientRepository:186 - END - GetPatientColumns - PATIENT_RECORD
2022-02-05 23:26:56 DEBUG Main:15 - Program started.
2022-02-05 23:27:08 DEBUG LoginController:66 - Authentication passed. Logging in.
2022-02-05 23:27:08 DEBUG PatientRepository:154 - Start - GetPatientColumns - PATIENT_RECORD
2022-02-05 23:27:08 DEBUG PatientRepository:186 - END - GetPatientColumns - PATIENT_RECORD
2022-02-06 14:05:17 DEBUG Main:15 - Program started.
2022-02-06 14:05:23 DEBUG LoginService:30 - Login succesfull.
2022-02-06 14:05:23 DEBUG LoginController:66 - Authentication passed. Logging in.
2022-02-06 14:05:24 DEBUG PatientRepository:154 - Start - GetPatientColumns - PATIENT
2022-02-06 14:05:24 DEBUG PatientRepository:190 - Error getting patients records.
2022-02-06 14:05:24 DEBUG PatientRepository:191 - ERROR: column reference "active" is ambiguous
  Position: 1387
2022-02-06 14:06:25 DEBUG Main:15 - Program started.
2022-02-06 14:06:31 DEBUG LoginService:30 - Login succesfull.
2022-02-06 14:06:31 DEBUG LoginController:66 - Authentication passed. Logging in.
2022-02-06 14:06:31 DEBUG PatientRepository:154 - Start - GetPatientColumns - PATIENT
2022-02-06 14:06:31 DEBUG PatientRepository:186 - END - GetPatientColumns - PATIENT
2022-02-06 14:06:43 DEBUG PatientRepository:363 - Error deleting patient with id: 2
2022-02-06 14:06:43 DEBUG PatientRepository:364 - The column index is out of range: 0, number of columns: 1.
2022-02-06 14:06:45 DEBUG PatientRepository:154 - Start - GetPatientColumns - PATIENT
2022-02-06 14:06:45 DEBUG PatientRepository:186 - END - GetPatientColumns - PATIENT
2022-02-06 14:06:49 DEBUG PatientRepository:154 - Start - GetPatientColumns - PATIENT
2022-02-06 14:06:49 DEBUG PatientRepository:186 - END - GetPatientColumns - PATIENT
2022-02-06 14:08:45 DEBUG Main:15 - Program started.
2022-02-06 14:08:54 DEBUG LoginService:30 - Login succesfull.
2022-02-06 14:08:54 DEBUG LoginController:66 - Authentication passed. Logging in.
2022-02-06 14:08:54 DEBUG PatientRepository:154 - Start - GetPatientColumns - PATIENT
2022-02-06 14:08:54 DEBUG PatientRepository:186 - END - GetPatientColumns - PATIENT
2022-02-06 14:09:18 DEBUG PatientRepository:154 - Start - GetPatientColumns - PATIENT
2022-02-06 14:09:18 DEBUG PatientRepository:186 - END - GetPatientColumns - PATIENT
2022-02-06 14:09:20 DEBUG PatientRepository:154 - Start - GetPatientColumns - PATIENT
2022-02-06 14:09:20 DEBUG PatientRepository:186 - END - GetPatientColumns - PATIENT
